e:\repository\sftableproject\sftableproject\x64\debug\qrc_sftableproject.obj
e:\repository\sftableproject\sftableproject\x64\debug\moc_sftableproject.obj
e:\repository\sftableproject\sftableproject\x64\debug\vc140.pdb
e:\repository\sftableproject\sftableproject\x64\debug\main.obj
e:\repository\sftableproject\sftableproject\x64\debug\sftableproject.obj
e:\repository\sftableproject\sftableproject\x64\debug\octable.obj
e:\repository\sftableproject\x64\debug\sftableproject.ilk
e:\repository\sftableproject\x64\debug\sftableproject.exe
e:\repository\sftableproject\x64\debug\sftableproject.pdb
e:\repository\sftableproject\sftableproject\x64\debug\moc\moc_sftableproject.cpp
e:\repository\sftableproject\sftableproject\x64\debug\rcc\qrc_sftableproject.cpp
e:\repository\sftableproject\sftableproject\x64\debug\uic\ui_sftableproject.h
e:\repository\sftableproject\sftableproject\x64\debug\sftableproject.tlog\cl.command.1.tlog
e:\repository\sftableproject\sftableproject\x64\debug\sftableproject.tlog\cl.read.1.tlog
e:\repository\sftableproject\sftableproject\x64\debug\sftableproject.tlog\cl.write.1.tlog
e:\repository\sftableproject\sftableproject\x64\debug\sftableproject.tlog\link.11984.delete.1.tlog
e:\repository\sftableproject\sftableproject\x64\debug\sftableproject.tlog\link.30596.delete.1.tlog
e:\repository\sftableproject\sftableproject\x64\debug\sftableproject.tlog\link.35384.delete.1.tlog
e:\repository\sftableproject\sftableproject\x64\debug\sftableproject.tlog\link.40736.delete.1.tlog
e:\repository\sftableproject\sftableproject\x64\debug\sftableproject.tlog\link.command.1.tlog
e:\repository\sftableproject\sftableproject\x64\debug\sftableproject.tlog\link.delete.1.tlog
e:\repository\sftableproject\sftableproject\x64\debug\sftableproject.tlog\link.read.1.tlog
e:\repository\sftableproject\sftableproject\x64\debug\sftableproject.tlog\link.write.1.tlog
e:\repository\sftableproject\sftableproject\x64\debug\sftableproject.tlog\moc.read.1u.tlog
e:\repository\sftableproject\sftableproject\x64\debug\sftableproject.tlog\moc.write.1u.tlog
e:\repository\sftableproject\sftableproject\x64\debug\sftableproject.tlog\rcc.read.1u.tlog
e:\repository\sftableproject\sftableproject\x64\debug\sftableproject.tlog\rcc.write.1u.tlog
e:\repository\sftableproject\sftableproject\x64\debug\sftableproject.tlog\sftableproject.write.1u.tlog
e:\repository\sftableproject\sftableproject\x64\debug\sftableproject.tlog\uic.read.1u.tlog
e:\repository\sftableproject\sftableproject\x64\debug\sftableproject.tlog\uic.write.1u.tlog
